2025/04/22 19:13:44 INFO App: 配置已读取，将输出100000条数据
2025/04/22 19:13:45 INFO App: 手机号共47个，基站共9个
2025/04/22 19:13:45 INFO App: 用户13754877767被分配为【均匀分布的规律作息】模式
2025/04/22 19:13:45 INFO App: 用户13062882380被分配为【均匀分布的夜猫子】模式
2025/04/22 19:13:45 INFO App: 用户13661622918被分配为【正态分布的规律作息1】模式
2025/04/22 19:13:45 INFO App: 用户17301796468被分配为【正态分布的规律作息1】模式
2025/04/22 19:13:45 INFO App: 用户19542913515被分配为【正态分布的夜猫子】模式
2025/04/22 19:13:45 INFO App: 用户15717980849被分配为【均匀分布的规律作息】模式
2025/04/22 19:13:45 INFO App: 用户13917072497被分配为【正态分布的规律作息2】模式
2025/04/22 19:13:45 INFO App: 用户13956500985被分配为【均匀分布的规律作息】模式
2025/04/22 19:13:45 INFO App: 用户18123282108被分配为【正态分布的夜猫子】模式
2025/04/22 19:13:45 INFO App: 用户15739638816被分配为【均匀分布的规律作息】模式
2025/04/22 19:13:45 INFO App: 用户13601928404被分配为【正态分布的夜猫子】模式
2025/04/22 19:13:45 INFO App: 用户13194331650被分配为【正态分布的夜猫子】模式
2025/04/22 19:13:45 INFO App: 用户19996074757被分配为【正态分布的夜猫子】模式
2025/04/22 19:13:45 INFO App: 用户13409772481被分配为【正态分布的规律作息1】模式
2025/04/22 19:13:45 INFO App: 用户15821797003被分配为【正态分布的夜猫子】模式
2025/04/22 19:13:45 INFO App: 用户17821492697被分配为【正态分布的夜猫子】模式
2025/04/22 19:13:45 INFO App: 用户13482349989被分配为【正态分布的规律作息1】模式
2025/04/22 19:13:45 INFO App: 用户18086828711被分配为【正态分布的规律作息1】模式
2025/04/22 19:13:45 INFO App: 用户17743323775被分配为【正态分布的夜猫子】模式
2025/04/22 19:13:45 INFO App: 用户18987449819被分配为【正态分布的规律作息2】模式
2025/04/22 19:13:45 INFO App: 用户13917392253被分配为【正态分布的规律作息2】模式
2025/04/22 19:13:45 INFO App: 用户15317201767被分配为【正态分布的夜猫子】模式
2025/04/22 19:13:45 INFO App: 用户13032190905被分配为【正态分布的规律作息2】模式
2025/04/22 19:13:45 INFO App: 用户15901749228被分配为【均匀分布的夜猫子】模式
2025/04/22 19:13:45 INFO App: 用户15821142850被分配为【正态分布的规律作息2】模式
2025/04/22 19:13:45 INFO App: 用户17339794582被分配为【均匀分布的规律作息】模式
2025/04/22 19:13:45 INFO App: 用户15000894068被分配为【正态分布的规律作息1】模式
2025/04/22 19:13:45 INFO App: 用户13391354206被分配为【正态分布的规律作息1】模式
2025/04/22 19:13:45 INFO App: 用户17717533632被分配为【正态分布的规律作息2】模式
2025/04/22 19:13:45 INFO App: 用户13237333067被分配为【均匀分布的规律作息】模式
2025/04/22 19:13:45 INFO App: 用户19155376123被分配为【正态分布的夜猫子】模式
2025/04/22 19:13:45 INFO App: 用户18738775104被分配为【均匀分布的规律作息】模式
2025/04/22 19:13:45 INFO App: 用户13639367113被分配为【正态分布的夜猫子】模式
2025/04/22 19:13:45 INFO App: 用户18238191178被分配为【均匀分布的规律作息】模式
2025/04/22 19:13:45 INFO App: 用户17717684336被分配为【正态分布的规律作息1】模式
2025/04/22 19:13:45 INFO App: 用户17717547533被分配为【正态分布的夜猫子】模式
2025/04/22 19:13:45 INFO App: 用户15026759110被分配为【正态分布的夜猫子】模式
2025/04/22 19:13:45 INFO App: 用户15891003816被分配为【均匀分布的夜猫子】模式
2025/04/22 19:13:45 INFO App: 用户18694017993被分配为【正态分布的夜猫子】模式
2025/04/22 19:13:45 INFO App: 用户18017621540被分配为【正态分布的规律作息2】模式
2025/04/22 19:13:45 INFO App: 用户15037910328被分配为【正态分布的夜猫子】模式
2025/04/22 19:13:45 INFO App: 用户18017217679被分配为【正态分布的夜猫子】模式
2025/04/22 19:13:45 INFO App: 用户13120613035被分配为【正态分布的夜猫子】模式
2025/04/22 19:13:45 INFO App: 用户13121404752被分配为【均匀分布的规律作息】模式
2025/04/22 19:13:45 INFO App: 用户18297857225被分配为【均匀分布的规律作息】模式
2025/04/22 19:13:45 INFO App: 用户13381771972被分配为【正态分布的夜猫子】模式
2025/04/22 19:13:45 INFO App: 用户18870730521被分配为【均匀分布的规律作息】模式
2025/04/22 19:13:45 INFO App: 基站302112789被分配为【中】失败率
2025/04/22 19:13:45 INFO App: 基站526884987被分配为【中】失败率
2025/04/22 19:13:45 INFO App: 基站26560772被分配为【中】失败率
2025/04/22 19:13:45 INFO App: 基站8569877被分配为【中】失败率
2025/04/22 19:13:45 INFO App: 基站11938455被分配为【高】失败率
2025/04/22 19:13:45 INFO App: 基站7605890被分配为【低】失败率
2025/04/22 19:13:45 INFO App: 基站13042被分配为【中】失败率
2025/04/22 19:13:45 INFO App: 基站9169被分配为【低】失败率
2025/04/22 19:13:45 INFO App: 基站59394被分配为【中】失败率
2025/04/22 19:13:45 INFO App: 基站9169被分配为【5G】技术
2025/04/22 19:13:45 INFO App: 基站302112789被分配为【5G】技术
2025/04/22 19:13:45 INFO App: 基站7605890被分配为【4G】技术
2025/04/22 19:13:45 INFO App: 基站13042被分配为【5G】技术
2025/04/22 19:13:45 INFO App: 基站8569877被分配为【3G】技术
2025/04/22 19:13:45 INFO App: 基站26560772被分配为【5G】技术
2025/04/22 19:13:45 INFO App: 基站526884987被分配为【3G】技术
2025/04/22 19:13:45 INFO App: 基站11938455被分配为【4G】技术
2025/04/22 19:13:45 INFO App: 基站59394被分配为【5G】技术
2025/04/22 19:13:45 INFO App: 开始生成随机电信数据
2025/04/22 19:13:45 INFO App: 开始写入通话记录
2025/04/22 19:13:46 INFO App: 开始写入短信记录
2025/04/22 19:13:47 INFO App: 开始写入流量记录
2025/04/22 19:13:48 INFO App: 数据写入完毕